<?xml version="1.0" encoding="UTF-8"?>
<testsuite xmlns:xsi="http://www.w3.org/2001/XMLSchema-instance" xsi:noNamespaceSchemaLocation="https://maven.apache.org/surefire/maven-surefire-plugin/xsd/surefire-test-report-3.0.xsd" version="3.0" name="TestExample" time="0.145" tests="1" errors="1" skipped="0" failures="0">
  <properties>
[...]
</properties>
  <testcase name="testExample" classname="TestExample" time="0.133">
    <error type="java.lang.IllegalStateException"><![CDATA[java.lang.IllegalStateException: The path to the driver executable must be set by the webdriver.chrome.driver system property; for more information, see https://github.com/SeleniumHQ/selenium/wiki/ChromeDriver. The latest version can be downloaded from http://chromedriver.storage.googleapis.com/index.html
	at TestExample.testExample(TestExample.java:13)
]]></error>
    <system-err><![CDATA[BasicLoggingEnabler failed to retrieve config: java.lang.NoSuchMethodError: 'int io.smallrye.common.constraint.Assert.checkMinimumParameter(java.lang.String, int, int)'
]]></system-err>
  </testcase>
</testsuite>